  tests.cpp
d:\udacity\udacity_cpp_histogram_filter_project\udacity_cpp_histogram_filter_project\helpers.cpp(39): warning C4018: “<”: 有符号/无符号不匹配
d:\udacity\udacity_cpp_histogram_filter_project\udacity_cpp_histogram_filter_project\helpers.cpp(40): warning C4018: “<”: 有符号/无符号不匹配
d:\udacity\udacity_cpp_histogram_filter_project\udacity_cpp_histogram_filter_project\helpers.cpp(45): warning C4018: “<”: 有符号/无符号不匹配
d:\udacity\udacity_cpp_histogram_filter_project\udacity_cpp_histogram_filter_project\helpers.cpp(47): warning C4018: “<”: 有符号/无符号不匹配
d:\udacity\udacity_cpp_histogram_filter_project\udacity_cpp_histogram_filter_project\helpers.cpp(97): warning C4244: “初始化”: 从“double”转换到“float”，可能丢失数据
d:\udacity\udacity_cpp_histogram_filter_project\udacity_cpp_histogram_filter_project\helpers.cpp(98): warning C4244: “初始化”: 从“double”转换到“float”，可能丢失数据
d:\udacity\udacity_cpp_histogram_filter_project\udacity_cpp_histogram_filter_project\helpers.cpp(99): warning C4244: “初始化”: 从“double”转换到“float”，可能丢失数据
d:\udacity\udacity_cpp_histogram_filter_project\udacity_cpp_histogram_filter_project\helpers.cpp(159): warning C4018: “<”: 有符号/无符号不匹配
d:\udacity\udacity_cpp_histogram_filter_project\udacity_cpp_histogram_filter_project\helpers.cpp(160): warning C4018: “<”: 有符号/无符号不匹配
d:\udacity\udacity_cpp_histogram_filter_project\udacity_cpp_histogram_filter_project\helpers.cpp(217): warning C4101: “color”: 未引用的局部变量
d:\udacity\udacity_cpp_histogram_filter_project\udacity_cpp_histogram_filter_project\debugging_helpers.cpp(22): warning C4018: “<”: 有符号/无符号不匹配
d:\udacity\udacity_cpp_histogram_filter_project\udacity_cpp_histogram_filter_project\debugging_helpers.cpp(25): warning C4018: “<”: 有符号/无符号不匹配
d:\udacity\udacity_cpp_histogram_filter_project\udacity_cpp_histogram_filter_project\debugging_helpers.cpp(41): warning C4018: “<”: 有符号/无符号不匹配
d:\udacity\udacity_cpp_histogram_filter_project\udacity_cpp_histogram_filter_project\debugging_helpers.cpp(44): warning C4018: “<”: 有符号/无符号不匹配
d:\udacity\udacity_cpp_histogram_filter_project\udacity_cpp_histogram_filter_project\localizer.cpp(48): warning C4244: “初始化”: 从“double”转换到“float”，可能丢失数据
d:\udacity\udacity_cpp_histogram_filter_project\udacity_cpp_histogram_filter_project\tests.cpp(45): warning C4305: “初始化”: 从“double”到“float”截断
d:\udacity\udacity_cpp_histogram_filter_project\udacity_cpp_histogram_filter_project\tests.cpp(46): warning C4305: “初始化”: 从“double”到“float”截断
d:\udacity\udacity_cpp_histogram_filter_project\udacity_cpp_histogram_filter_project\tests.cpp(47): warning C4305: “初始化”: 从“double”到“float”截断
d:\udacity\udacity_cpp_histogram_filter_project\udacity_cpp_histogram_filter_project\tests.cpp(61): warning C4305: “参数”: 从“double”到“float”截断
d:\udacity\udacity_cpp_histogram_filter_project\udacity_cpp_histogram_filter_project\tests.cpp(120): warning C4244: “=”: 从“double”转换到“float”，可能丢失数据
d:\udacity\udacity_cpp_histogram_filter_project\udacity_cpp_histogram_filter_project\tests.cpp(124): warning C4018: “<”: 有符号/无符号不匹配
d:\udacity\udacity_cpp_histogram_filter_project\udacity_cpp_histogram_filter_project\tests.cpp(126): warning C4018: “<”: 有符号/无符号不匹配
d:\udacity\udacity_cpp_histogram_filter_project\udacity_cpp_histogram_filter_project\tests.cpp(188): warning C4018: “<”: 有符号/无符号不匹配
d:\udacity\udacity_cpp_histogram_filter_project\udacity_cpp_histogram_filter_project\tests.cpp(190): warning C4018: “<”: 有符号/无符号不匹配
d:\udacity\udacity_cpp_histogram_filter_project\udacity_cpp_histogram_filter_project\tests.cpp(205): warning C4018: “<”: 有符号/无符号不匹配
d:\udacity\udacity_cpp_histogram_filter_project\udacity_cpp_histogram_filter_project\tests.cpp(207): warning C4018: “<”: 有符号/无符号不匹配
d:\udacity\udacity_cpp_histogram_filter_project\udacity_cpp_histogram_filter_project\tests.cpp(228): warning C4305: “=”: 从“double”到“float”截断
d:\udacity\udacity_cpp_histogram_filter_project\udacity_cpp_histogram_filter_project\tests.cpp(229): warning C4305: “=”: 从“double”到“float”截断
  udacity_cpp_histogram_filter_project.vcxproj -> D:\Udacity\udacity_cpp_histogram_filter_project\Debug\udacity_cpp_histogram_filter_project.exe
